Determining if the pthread_create exist failed with the following output:
Change Dir: /home/pi/ros_catkin_ws/build_isolated/rostime/CMakeFiles/CMakeTmp

Run Build Command:"/usr/bin/make" "cmTC_922ea/fast"
/usr/bin/make -f CMakeFiles/cmTC_922ea.dir/build.make CMakeFiles/cmTC_922ea.dir/build
make[1]: Entering directory '/home/pi/ros_catkin_ws/build_isolated/rostime/CMakeFiles/CMakeTmp'
Building C object CMakeFiles/cmTC_922ea.dir/CheckSymbolExists.c.o
/usr/bin/cc     -o CMakeFiles/cmTC_922ea.dir/CheckSymbolExists.c.o   -c /home/pi/ros_catkin_ws/build_isolated/rostime/CMakeFiles/CMakeTmp/CheckSymbolExists.c
Linking C executable cmTC_922ea
/usr/bin/cmake -E cmake_link_script CMakeFiles/cmTC_922ea.dir/link.txt --verbose=1
/usr/bin/cc       CMakeFiles/cmTC_922ea.dir/CheckSymbolExists.c.o  -o cmTC_922ea -rdynamic 
CMakeFiles/cmTC_922ea.dir/CheckSymbolExists.c.o: In function `main':
CheckSymbolExists.c:(.text+0x38): undefined reference to `pthread_create'
collect2: error: ld returned 1 exit status
CMakeFiles/cmTC_922ea.dir/build.make:97: recipe for target 'cmTC_922ea' failed
make[1]: *** [cmTC_922ea] Error 1
make[1]: Leaving directory '/home/pi/ros_catkin_ws/build_isolated/rostime/CMakeFiles/CMakeTmp'
Makefile:126: recipe for target 'cmTC_922ea/fast' failed
make: *** [cmTC_922ea/fast] Error 2

File /home/pi/ros_catkin_ws/build_isolated/rostime/CMakeFiles/CMakeTmp/CheckSymbolExists.c:
/* */
#include <pthread.h>

int main(int argc, char** argv)
{
  (void)argv;
#ifndef pthread_create
  return ((int*)(&pthread_create))[argc];
#else
  (void)argc;
  return 0;
#endif
}

Determining if the function pthread_create exists in the pthreads failed with the following output:
Change Dir: /home/pi/ros_catkin_ws/build_isolated/rostime/CMakeFiles/CMakeTmp

Run Build Command:"/usr/bin/make" "cmTC_417de/fast"
/usr/bin/make -f CMakeFiles/cmTC_417de.dir/build.make CMakeFiles/cmTC_417de.dir/build
make[1]: Entering directory '/home/pi/ros_catkin_ws/build_isolated/rostime/CMakeFiles/CMakeTmp'
Building C object CMakeFiles/cmTC_417de.dir/CheckFunctionExists.c.o
/usr/bin/cc    -DCHECK_FUNCTION_EXISTS=pthread_create   -o CMakeFiles/cmTC_417de.dir/CheckFunctionExists.c.o   -c /usr/share/cmake-3.7/Modules/CheckFunctionExists.c
Linking C executable cmTC_417de
/usr/bin/cmake -E cmake_link_script CMakeFiles/cmTC_417de.dir/link.txt --verbose=1
/usr/bin/cc   -DCHECK_FUNCTION_EXISTS=pthread_create    CMakeFiles/cmTC_417de.dir/CheckFunctionExists.c.o  -o cmTC_417de -rdynamic -lpthreads 
/usr/bin/ld: cannot find -lpthreads
collect2: error: ld returned 1 exit status
CMakeFiles/cmTC_417de.dir/build.make:97: recipe for target 'cmTC_417de' failed
make[1]: *** [cmTC_417de] Error 1
make[1]: Leaving directory '/home/pi/ros_catkin_ws/build_isolated/rostime/CMakeFiles/CMakeTmp'
Makefile:126: recipe for target 'cmTC_417de/fast' failed
make: *** [cmTC_417de/fast] Error 2


