Determining if the pthread_create exist failed with the following output:
Change Dir: /home/pi/ros_catkin_ws/build_isolated/roslz4/CMakeFiles/CMakeTmp

Run Build Command:"/usr/bin/make" "cmTC_585be/fast"
/usr/bin/make -f CMakeFiles/cmTC_585be.dir/build.make CMakeFiles/cmTC_585be.dir/build
make[1]: Entering directory '/home/pi/ros_catkin_ws/build_isolated/roslz4/CMakeFiles/CMakeTmp'
Building C object CMakeFiles/cmTC_585be.dir/CheckSymbolExists.c.o
/usr/bin/cc     -o CMakeFiles/cmTC_585be.dir/CheckSymbolExists.c.o   -c /home/pi/ros_catkin_ws/build_isolated/roslz4/CMakeFiles/CMakeTmp/CheckSymbolExists.c
Linking C executable cmTC_585be
/usr/bin/cmake -E cmake_link_script CMakeFiles/cmTC_585be.dir/link.txt --verbose=1
/usr/bin/cc       CMakeFiles/cmTC_585be.dir/CheckSymbolExists.c.o  -o cmTC_585be -rdynamic 
CMakeFiles/cmTC_585be.dir/CheckSymbolExists.c.o: In function `main':
CheckSymbolExists.c:(.text+0x38): undefined reference to `pthread_create'
collect2: error: ld returned 1 exit status
CMakeFiles/cmTC_585be.dir/build.make:97: recipe for target 'cmTC_585be' failed
make[1]: *** [cmTC_585be] Error 1
make[1]: Leaving directory '/home/pi/ros_catkin_ws/build_isolated/roslz4/CMakeFiles/CMakeTmp'
Makefile:126: recipe for target 'cmTC_585be/fast' failed
make: *** [cmTC_585be/fast] Error 2

File /home/pi/ros_catkin_ws/build_isolated/roslz4/CMakeFiles/CMakeTmp/CheckSymbolExists.c:
/* */
#include <pthread.h>

int main(int argc, char** argv)
{
  (void)argv;
#ifndef pthread_create
  return ((int*)(&pthread_create))[argc];
#else
  (void)argc;
  return 0;
#endif
}

Determining if the function pthread_create exists in the pthreads failed with the following output:
Change Dir: /home/pi/ros_catkin_ws/build_isolated/roslz4/CMakeFiles/CMakeTmp

Run Build Command:"/usr/bin/make" "cmTC_3d2a4/fast"
/usr/bin/make -f CMakeFiles/cmTC_3d2a4.dir/build.make CMakeFiles/cmTC_3d2a4.dir/build
make[1]: Entering directory '/home/pi/ros_catkin_ws/build_isolated/roslz4/CMakeFiles/CMakeTmp'
Building C object CMakeFiles/cmTC_3d2a4.dir/CheckFunctionExists.c.o
/usr/bin/cc    -DCHECK_FUNCTION_EXISTS=pthread_create   -o CMakeFiles/cmTC_3d2a4.dir/CheckFunctionExists.c.o   -c /usr/share/cmake-3.7/Modules/CheckFunctionExists.c
Linking C executable cmTC_3d2a4
/usr/bin/cmake -E cmake_link_script CMakeFiles/cmTC_3d2a4.dir/link.txt --verbose=1
/usr/bin/cc   -DCHECK_FUNCTION_EXISTS=pthread_create    CMakeFiles/cmTC_3d2a4.dir/CheckFunctionExists.c.o  -o cmTC_3d2a4 -rdynamic -lpthreads 
/usr/bin/ld: cannot find -lpthreads
collect2: error: ld returned 1 exit status
CMakeFiles/cmTC_3d2a4.dir/build.make:97: recipe for target 'cmTC_3d2a4' failed
make[1]: *** [cmTC_3d2a4] Error 1
make[1]: Leaving directory '/home/pi/ros_catkin_ws/build_isolated/roslz4/CMakeFiles/CMakeTmp'
Makefile:126: recipe for target 'cmTC_3d2a4/fast' failed
make: *** [cmTC_3d2a4/fast] Error 2


