Determining if the pthread_create exist failed with the following output:
Change Dir: /home/pi/ros_catkin_ws/build_isolated/rosnode/CMakeFiles/CMakeTmp

Run Build Command:"/usr/bin/make" "cmTC_bc717/fast"
/usr/bin/make -f CMakeFiles/cmTC_bc717.dir/build.make CMakeFiles/cmTC_bc717.dir/build
make[1]: Entering directory '/home/pi/ros_catkin_ws/build_isolated/rosnode/CMakeFiles/CMakeTmp'
Building C object CMakeFiles/cmTC_bc717.dir/CheckSymbolExists.c.o
/usr/bin/cc     -o CMakeFiles/cmTC_bc717.dir/CheckSymbolExists.c.o   -c /home/pi/ros_catkin_ws/build_isolated/rosnode/CMakeFiles/CMakeTmp/CheckSymbolExists.c
Linking C executable cmTC_bc717
/usr/bin/cmake -E cmake_link_script CMakeFiles/cmTC_bc717.dir/link.txt --verbose=1
/usr/bin/cc       CMakeFiles/cmTC_bc717.dir/CheckSymbolExists.c.o  -o cmTC_bc717 -rdynamic 
CMakeFiles/cmTC_bc717.dir/CheckSymbolExists.c.o: In function `main':
CheckSymbolExists.c:(.text+0x38): undefined reference to `pthread_create'
collect2: error: ld returned 1 exit status
CMakeFiles/cmTC_bc717.dir/build.make:97: recipe for target 'cmTC_bc717' failed
make[1]: *** [cmTC_bc717] Error 1
make[1]: Leaving directory '/home/pi/ros_catkin_ws/build_isolated/rosnode/CMakeFiles/CMakeTmp'
Makefile:126: recipe for target 'cmTC_bc717/fast' failed
make: *** [cmTC_bc717/fast] Error 2

File /home/pi/ros_catkin_ws/build_isolated/rosnode/CMakeFiles/CMakeTmp/CheckSymbolExists.c:
/* */
#include <pthread.h>

int main(int argc, char** argv)
{
  (void)argv;
#ifndef pthread_create
  return ((int*)(&pthread_create))[argc];
#else
  (void)argc;
  return 0;
#endif
}

Determining if the function pthread_create exists in the pthreads failed with the following output:
Change Dir: /home/pi/ros_catkin_ws/build_isolated/rosnode/CMakeFiles/CMakeTmp

Run Build Command:"/usr/bin/make" "cmTC_82fc9/fast"
/usr/bin/make -f CMakeFiles/cmTC_82fc9.dir/build.make CMakeFiles/cmTC_82fc9.dir/build
make[1]: Entering directory '/home/pi/ros_catkin_ws/build_isolated/rosnode/CMakeFiles/CMakeTmp'
Building C object CMakeFiles/cmTC_82fc9.dir/CheckFunctionExists.c.o
/usr/bin/cc    -DCHECK_FUNCTION_EXISTS=pthread_create   -o CMakeFiles/cmTC_82fc9.dir/CheckFunctionExists.c.o   -c /usr/share/cmake-3.7/Modules/CheckFunctionExists.c
Linking C executable cmTC_82fc9
/usr/bin/cmake -E cmake_link_script CMakeFiles/cmTC_82fc9.dir/link.txt --verbose=1
/usr/bin/cc   -DCHECK_FUNCTION_EXISTS=pthread_create    CMakeFiles/cmTC_82fc9.dir/CheckFunctionExists.c.o  -o cmTC_82fc9 -rdynamic -lpthreads 
/usr/bin/ld: cannot find -lpthreads
collect2: error: ld returned 1 exit status
CMakeFiles/cmTC_82fc9.dir/build.make:97: recipe for target 'cmTC_82fc9' failed
make[1]: *** [cmTC_82fc9] Error 1
make[1]: Leaving directory '/home/pi/ros_catkin_ws/build_isolated/rosnode/CMakeFiles/CMakeTmp'
Makefile:126: recipe for target 'cmTC_82fc9/fast' failed
make: *** [cmTC_82fc9/fast] Error 2


