Determining if the pthread_create exist failed with the following output:
Change Dir: /home/pi/ros_catkin_ws/build_isolated/catkin/CMakeFiles/CMakeTmp

Run Build Command:"/usr/bin/make" "cmTC_d9b99/fast"
/usr/bin/make -f CMakeFiles/cmTC_d9b99.dir/build.make CMakeFiles/cmTC_d9b99.dir/build
make[1]: Entering directory '/home/pi/ros_catkin_ws/build_isolated/catkin/CMakeFiles/CMakeTmp'
Building C object CMakeFiles/cmTC_d9b99.dir/CheckSymbolExists.c.o
/usr/bin/cc     -o CMakeFiles/cmTC_d9b99.dir/CheckSymbolExists.c.o   -c /home/pi/ros_catkin_ws/build_isolated/catkin/CMakeFiles/CMakeTmp/CheckSymbolExists.c
Linking C executable cmTC_d9b99
/usr/bin/cmake -E cmake_link_script CMakeFiles/cmTC_d9b99.dir/link.txt --verbose=1
/usr/bin/cc       CMakeFiles/cmTC_d9b99.dir/CheckSymbolExists.c.o  -o cmTC_d9b99 -rdynamic 
CMakeFiles/cmTC_d9b99.dir/CheckSymbolExists.c.o: In function `main':
CheckSymbolExists.c:(.text+0x38): undefined reference to `pthread_create'
collect2: error: ld returned 1 exit status
CMakeFiles/cmTC_d9b99.dir/build.make:97: recipe for target 'cmTC_d9b99' failed
make[1]: *** [cmTC_d9b99] Error 1
make[1]: Leaving directory '/home/pi/ros_catkin_ws/build_isolated/catkin/CMakeFiles/CMakeTmp'
Makefile:126: recipe for target 'cmTC_d9b99/fast' failed
make: *** [cmTC_d9b99/fast] Error 2

File /home/pi/ros_catkin_ws/build_isolated/catkin/CMakeFiles/CMakeTmp/CheckSymbolExists.c:
/* */
#include <pthread.h>

int main(int argc, char** argv)
{
  (void)argv;
#ifndef pthread_create
  return ((int*)(&pthread_create))[argc];
#else
  (void)argc;
  return 0;
#endif
}

Determining if the function pthread_create exists in the pthreads failed with the following output:
Change Dir: /home/pi/ros_catkin_ws/build_isolated/catkin/CMakeFiles/CMakeTmp

Run Build Command:"/usr/bin/make" "cmTC_8ef20/fast"
/usr/bin/make -f CMakeFiles/cmTC_8ef20.dir/build.make CMakeFiles/cmTC_8ef20.dir/build
make[1]: Entering directory '/home/pi/ros_catkin_ws/build_isolated/catkin/CMakeFiles/CMakeTmp'
Building C object CMakeFiles/cmTC_8ef20.dir/CheckFunctionExists.c.o
/usr/bin/cc    -DCHECK_FUNCTION_EXISTS=pthread_create   -o CMakeFiles/cmTC_8ef20.dir/CheckFunctionExists.c.o   -c /usr/share/cmake-3.7/Modules/CheckFunctionExists.c
Linking C executable cmTC_8ef20
/usr/bin/cmake -E cmake_link_script CMakeFiles/cmTC_8ef20.dir/link.txt --verbose=1
/usr/bin/cc   -DCHECK_FUNCTION_EXISTS=pthread_create    CMakeFiles/cmTC_8ef20.dir/CheckFunctionExists.c.o  -o cmTC_8ef20 -rdynamic -lpthreads 
/usr/bin/ld: cannot find -lpthreads
collect2: error: ld returned 1 exit status
CMakeFiles/cmTC_8ef20.dir/build.make:97: recipe for target 'cmTC_8ef20' failed
make[1]: *** [cmTC_8ef20] Error 1
make[1]: Leaving directory '/home/pi/ros_catkin_ws/build_isolated/catkin/CMakeFiles/CMakeTmp'
Makefile:126: recipe for target 'cmTC_8ef20/fast' failed
make: *** [cmTC_8ef20/fast] Error 2


